MPASM 03.60 Released                             PWM16F88.ASM   11-7-2006  18:17:41         PAGE  1


LOC  OBJECT CODE     LINE SOURCE TEXT
  VALUE

                      00001 ;***************************************************************
                      00002         ; PROGRAMA PARA HACER FUNCIONAR EL MODULADOR DE ANCHO DE PULSOS PWM
                      00003         ; mediante el A/D ponemos un potenciometro en un canal y en funcion de este, cambia el ciclo de 
                            trabajo del PWM
                      00004         ; y enciende y apaga un led.
                      00005         ;title  "PIC Sample code: PIC16F88 program"
                      00006         ;subtitle       "CARLOS SANTIAGO CRUZ - TESIS - prueba del convertidor analógico digital"
                      00007 
                      00008 ;       codigo para el 16f88 a 4 MHz
                      00009 ;***************************************************************
Warning[215]: Processor superceded by command line.  Verify processor symbol.
                      00010         list    p=16F88
                      00011         #include        <p16F88.inc>
                      00001         LIST
                      00002 ; P16F88.INC  Standard Header File, Version 1.00    Microchip Technology, Inc.
Message[301]: MESSAGE: (Processor-header file mismatch.  Verify selected processor.)
                      00401         LIST
                      00012         
2007   2000           00013         __CONFIG   _CONFIG1 & _CP_OFF & _CCP1_RB0 & _DEBUG_OFF & _CPD_OFF & _LVP_OFF & _BODEN_OFF & _MCL
                            R_ON & _PWRTE_ON & _WDT_OFF & _INTRC_IO
                      00014         ERRORLEVEL -302
                      00015 ;***************************************************************
  00000020            00016 z1      equ     20h             ;REGISTROS COMODINES
  00000021            00017 z2      equ     21h
  00000022            00018 z3      equ     22h
  00000023            00019 z4      equ     23h
                      00020 ;***************************************************************
                      00021 ; registros 
                      00022 ;       ADRESH  1Eh             banco 0
                      00023 ;       ADRESL  9Eh             banco 1
                      00024 ;       ANSEL   9Bh             banco 1
                      00025 ;       ADCON0  1Fh             banco 0
                      00026 ;       ADCON1  9Fh             banco 1
                      00027 ;****************************************************************
0000                  00028                 ORG                     0x0000
0000   2805           00029                 GOTO            INIT
0001   0000           00030                 NOP
0002   0000           00031                 NOP
0003   0000           00032                 NOP
0004   0000           00033                 NOP
0005                  00034                 ORG                     0x0005
                      00035 
                      00036 ;############### #### INICIALIZANDO EL MICROCONTROLADOR ###########################
                      00037 
0005   0185           00038 INIT            CLRF            PORTA                   ; limpia puerto A
0006   0186           00039                 CLRF            PORTB                   ; limpia puerto B
0007   1683           00040                 BSF                     STATUS,RP0              ; selecciona Banco 1; Se encuentran regi
                            stros TRISA y TRISB
                      00041                                                                         ; al reset STATUS=00000000
                      00042                                                                         ; REGISTRO STATUS =     IRP     
                                    RP1             RP0             T0_             PD_             Z               DC      
                      00043                                                                         ;  RP1 RP0
                      00044                                                                         ;  0    0               banco 0
MPASM 03.60 Released                             PWM16F88.ASM   11-7-2006  18:17:41         PAGE  2


LOC  OBJECT CODE     LINE SOURCE TEXT
  VALUE

                      00045                                                                         ;  0    1               banco 1 
                                    RP0=1
                      00046                                                                         ;  1    0               banco 2
                      00047                                                                         ;  1    1               banco 3
                      00048 
                      00049 
0008   170F           00050                 BSF                     OSCCON,6                ;Pone el oscilador a 4 MHz con el oscila
                            dor interno RC; OSCCON controla varios aspectos de operacion del sistema de reloj; Banco 1
0009   168F           00051                 BSF                     OSCCON,5                ;bit 6-4                110             
                            4 MHZ
                      00052                                                                         ;al reset inicia con 0's el regi
                            stro.
                      00053 
000A   3007           00054                 MOVLW           H'07'                   ;carga el registro W con 07             0000 011
                            1
000B   009C           00055                 MOVWF           CMCON                   ;CMCON ->       C2OUT   C1OUT   C2INV   C1INV   
                            CIS      CM2  CM1  CM0
                      00056                                                                         ; ver los modos de operacion de 
                            los comparadores
                      00057                                                                         ; comparadores apagados
                      00058                                                                         ;CLRF           TRISA           
                                    ;Puerto A como salida           0 - salida; 1 - entrada
000C   30FF           00059                 MOVLW           H'FF'
000D   0085           00060                 MOVWF           TRISA           
000E   0186           00061                 CLRF            TRISB                   ;Puerto B como salida           0 - salida; 1 - 
                            entrada
000F   1486           00062                 BSF                     PORTB,1                 ; inicializo con el puertoP1 encendido
0010   1283           00063                 BCF                     STATUS,RP0              ;Selecciona Banco 0
                      00064 
                      00065 ;##############CONFIGURANDO EL MODULO PWM E INICIALIZANDO CICLO DE TRABAJO A 0%  #######################
                      00066 
0011   1683           00067                 BSF                     STATUS,RP0              ;cambiamos a banco 1
0012   30FF           00068                 MOVLW           H'FF'                   ;cargamos periodo, inicializando con
0013   0092           00069                 MOVWF           PR2                             ;lo almacenamos en PR2
                      00070                 
0014   1283           00071                 BCF                     STATUS,RP0              ;cambiamos a banco 0
0015   30FF           00072                 MOVLW           H'FF'                   ;cargamos los 8 bits mas significativos del cicl
                            o de trabajo
0016   0095           00073                 MOVWF           CCPR1L                  ;lo movemos al registro CCPR1L
0017   1697           00074                 BSF                     CCP1CON,5               ;configuramos bit 1 del ciclo de trabajo
                            , supon ‘1’
0018   1617           00075                 BSF                     CCP1CON,4               ;configuramos el bit 0 del ciclo de trab
                            ajo, supon ‘1’, cambiara en funcion de la conversion a/d
                      00076                                                                         ;recordar que son diez bits 
                      00077         
0019   1683           00078                 BSF                     STATUS,RP0              ;cambiamos a banco 1
001A   1006           00079                 BCF                     TRISB,0                 ;configuramos como salida el pin CCP1
                      00080                 
001B   1283           00081                 BCF                     STATUS,RP0              ;cambiamos a banco 0
001C   0191           00082                 CLRF            TMR2                    ;limpiamos TMR2
001D   1512           00083                 BSF                     T2CON,TMR2ON            ;habilita timer2
001E   1597           00084                 BSF                     CCP1CON,CCP1M3          ;configura modulo CCP1 para operación PW
                            M
MPASM 03.60 Released                             PWM16F88.ASM   11-7-2006  18:17:41         PAGE  3


LOC  OBJECT CODE     LINE SOURCE TEXT
  VALUE

001F   1517           00085                 BSF                     CCP1CON,CCP1M2          ;configura modulo CCP1 para operación PW
                            M
                      00086 
                      00087 ;###################### CONFIGURANDO EL CONVERTIDOR A/D ################################
                      00088 
                      00089                                                                         ;1.     Configure el modulo A/D
                      00090                                                                         ;               •       Configur
                            ar E/S analógica/digital        (ANSEL) BANCO 1         
0020   1683           00091                 BSF                     STATUS,RP0              ; selecciona banco 1
0021   30FF           00092                 MOVLW           H'FF'
0022   009B           00093                 MOVWF           ANSEL                   ; Registro ANSEL - ANS6 ANS5 ANS4 ANS3 ANS2 ANS1
                             ANS0 
                      00094                                                                         ; Configura la funcion de los pi
                            nes de los puertos
                      00095                                                                         ; pueden ser configurados como e
                            ntradas analògicas 
                      00096                                                                         ; (RA3,RA2 tambien pueden ser te
                            nsiones de referencia)
                      00097                                                                         ; o como entradas/salidas digita
                            les; 
                      00098                                                                         ;       1 - analog I/O; 
                      00099                                                                         ;       0 - digital I/O
                      00100                                                                         ; 
0023   3000           00101                 MOVLW           H'00'                                                   ;               
0024   009F           00102                 MOVWF           ADCON1                  ;               •       Configurar tensión de re
                            ferencia.       (ADCON1)        BANCO 1
                      00103                                                                         ; ADCON1:       ADFM    ADCS2   
                            VCFG1           VCFG0   -       -       -       -
                      00104                                                                         ; Bit 7 ADFM: selección de bit d
                            e resultado de formato A/D
                      00105                                                                         ;                               
                            1=justificación derecha: los seis bits mas significantes de ADRESH son leídos como ‘0’
                      00106                                                                         ;                               
                            0=justificación izquierda: los seis bits menos significativos de ADRESL son leidos como ‘0’.    
                      00107                                                                         ; Bit 6 ADSC2: bit de selección 
                            de división de reloj por 2 del A/D
                      00108                                                                         ;                               
                            1=fuente de reloj es dividida por 2 cuando el sistema de reloj es usado.
                      00109                                                                         ;                               
                            0=deshabilitado.                                                                                
                      00110                                                                         ; Bit 5-4       VCFG <1:0> bits 
                            de configuración de las tensiones de referencia del A/D
                      00111                                                                         ;                               
                            Estado lógico    VREF+ VREF- 
                      00112                                                                         ;                               
                            00                   AVDD  AVSS         *Elegimos este
                      00113                                                                         ;                               
                            01                   AVDD   VREF-
                      00114                                                                         ;                               
                            10                   VREF+   AVSS
                      00115                                                                         ;                               
                            11                   VREF+   VREF-
                      00116                                                                         ; Bit  3-0      Sin implementaci
MPASM 03.60 Released                             PWM16F88.ASM   11-7-2006  18:17:41         PAGE  4


LOC  OBJECT CODE     LINE SOURCE TEXT
  VALUE

                            ón leídos como ‘0’
                      00117 
                      00118                                                                         ;primero vamos a poner el ADSC2=
                            0, pero creo que en el reset es 0 :)                                                    
                      00119 
0025   1283           00120                 BCF                     STATUS,RP0              ;seleccionamos banco 0
                      00121 
0026   30C0           00122                 MOVLW           H'C0'
0027   009F           00123                 MOVWF           ADCON0                  ;               •       Seleccionar canal de ent
                            rada A/D        (ADCON0)        BANCO 0
                      00124 
                      00125 
                      00126                 ;hecho arriba                                   ;               •       Seleccionar relo
                            j de conversión A/D     (ADCON0)
                      00127 
                      00128 
                      00129 
                      00130 ;####################### EMPIEZA LA CONVERSION #############################
                      00131 
0028   141F           00132                 BSF                     ADCON0,ADON     ;               •       Encienda el modulo A/D  
                            (ADCON0)
                      00133                                                                         ;2.     Configurar interrupción 
                            A/D (si se desea)
                      00134                                                                         ;               •       Poner a 
                            ‘0’ bit ADIF
                      00135                 ;no deseamos                            ;               •       Poner a ‘1’ bit ADIE
                      00136                                                                         ;               •       Poner a 
                            ‘1’ bit PEIE
                      00137                                                                         ;               •       Poner a 
                            ‘1’ bit GIE
0029   2030           00138 REG             CALL            RETRASO         ;3.     Esperar el tiempo de adquisición requerido
                      00139                                                                         ;4.     Empezar conversión.
002A   151F           00140                 BSF                     ADCON0,GO               ;               •       Poner a ‘1’ bit 
                            GO/DONE_ (ADCON0)
002B   191F           00141 ESP             BTFSC           ADCON0,GO               ;5.     Esperar para completar la conversión A/D
                            , por cualquiera de los siguientes:
002C   282B           00142                 GOTO            ESP                             ;               •       Poleando (modo p
                            oleo o de ciclo) para que el bit GO/DONE_ sea puesto a ‘0’ (con interrupción deshabilitada)
                      00143                                                                         ;               •       Esperand
                            o por interrupción de A/D
Warning[202]: Argument out of range.  Least significant bits used.
002D   089E           00144                 MOVF            ADRESH,CCPR1L
                      00145                 
                      00146                 ;MOVF           ADRESH,CCPR1L   ;6.     Leer el registro par que da el resultado de la c
                            onversión. (ADRESH:ADRESL); en este caso nos mostrara los 8 bits mas significativos debido a la 
                      00147 
                      00148                 ;aqui lo dejar  emos con los bits mas significativos
                      00149                 
                      00150                 
                      00151 
002E   2030           00152                 CALL            RETRASO         
                      00153                                                                         ;7.     Para la siguiente conver
                            sión, vaya a los pasos 1 o paso 2 como sea requerido. El tiempo de conversión por bit es definid
MPASM 03.60 Released                             PWM16F88.ASM   11-7-2006  18:17:41         PAGE  5


LOC  OBJECT CODE     LINE SOURCE TEXT
  VALUE

002F   2829           00154                 GOTO            REG                     ; regresa por otra conversion
                      00155 
                      00156 ;*********************************************************************************************
                      00157 
                      00158         subtitle        "Delay subprogram"
                      00159 
0030   3003           00160 RETRASO MOVLW                   D'3'
0031   00A2           00161                         MOVWF                   z3
0032   3089           00162                         MOVLW                   D'137'
0033   00A1           00163                         MOVWF                   z2
0034   0BA0           00164                         DECFSZ                  z1,f
0035   2834           00165                         GOTO                    $-1
0036   0BA1           00166                         DECFSZ                  z2,f
0037   2834           00167                         GOTO                    $-3
0038   0BA2           00168                         DECFSZ                  z3,f
0039   2834           00169                         GOTO                    $-5
003A   0008           00170                         RETURN
                      00171         
                      00172                         END
MPASM 03.60 Released                             PWM16F88.ASM   11-7-2006  18:17:41         PAGE  6

Delay subprogram
SYMBOL TABLE
  LABEL                             VALUE 

ADCON0                            0000001F
ADCON1                            0000009F
ADCS0                             00000006
ADCS1                             00000007
ADCS2                             00000006
ADDEN                             00000003
ADFM                              00000007
ADIE                              00000006
ADIF                              00000006
ADON                              00000000
ADRESH                            0000001E
ADRESL                            0000009E
ANSEL                             0000009B
BF                                00000000
BRGH                              00000002
C                                 00000000
C1INV                             00000004
C1OUT                             00000006
C2INV                             00000005
C2OUT                             00000007
CCP1CON                           00000017
CCP1IE                            00000002
CCP1IF                            00000002
CCP1M0                            00000000
CCP1M1                            00000001
CCP1M2                            00000002
CCP1M3                            00000003
CCP1X                             00000005
CCP1Y                             00000004
CCPR1H                            00000016
CCPR1L                            00000015
CHS0                              00000003
CHS1                              00000004
CHS2                              00000005
CIS                               00000003
CKE                               00000006
CKP                               00000004
CM0                               00000000
CM1                               00000001
CM2                               00000002
CMCON                             0000009C
CMIE                              00000006
CMIF                              00000006
CREN                              00000004
CSRC                              00000007
CVR0                              00000000
CVR1                              00000001
CVR2                              00000002
CVR3                              00000003
CVRCON                            0000009D
CVREN                             00000007
CVROE                             00000006
CVRR                              00000005
MPASM 03.60 Released                             PWM16F88.ASM   11-7-2006  18:17:41         PAGE  7

Delay subprogram
SYMBOL TABLE
  LABEL                             VALUE 

D                                 00000005
DATA_ADDRESS                      00000005
DC                                00000001
D_A                               00000005
EEADR                             0000010D
EEADRH                            0000010F
EECON1                            0000018C
EECON2                            0000018D
EEDATA                            0000010C
EEDATH                            0000010E
EEIE                              00000004
EEIF                              00000004
EEPGD                             00000007
ESP                               0000002B
F                                 00000001
FERR                              00000002
FREE                              00000004
FSR                               00000004
GIE                               00000007
GO                                00000002
GO_DONE                           00000002
I2C_DATA                          00000005
I2C_READ                          00000002
I2C_START                         00000003
I2C_STOP                          00000004
INDF                              00000000
INIT                              00000005
INTCON                            0000000B
INTE                              00000004
INTEDG                            00000006
INTF                              00000001
IOFS                              00000002
IRCF0                             00000004
IRCF1                             00000005
IRCF2                             00000006
IRP                               00000007
NOT_A                             00000005
NOT_ADDRESS                       00000005
NOT_BO                            00000000
NOT_BOR                           00000000
NOT_DONE                          00000002
NOT_PD                            00000003
NOT_POR                           00000001
NOT_RBPU                          00000007
NOT_RC8                           00000006
NOT_T1SYNC                        00000002
NOT_TO                            00000004
NOT_TX8                           00000006
NOT_W                             00000002
NOT_WRITE                         00000002
OERR                              00000001
OPTION_REG                        00000081
OSCCON                            0000008F
MPASM 03.60 Released                             PWM16F88.ASM   11-7-2006  18:17:41         PAGE  8

Delay subprogram
SYMBOL TABLE
  LABEL                             VALUE 

OSCTUNE                           00000090
OSFIE                             00000007
OSFIF                             00000007
OSTS                              00000003
P                                 00000004
PCL                               00000002
PCLATH                            0000000A
PCON                              0000008E
PEIE                              00000006
PIE1                              0000008C
PIE2                              0000008D
PIR1                              0000000C
PIR2                              0000000D
PORTA                             00000005
PORTB                             00000006
PR2                               00000092
PS0                               00000000
PS1                               00000001
PS2                               00000002
PSA                               00000003
R                                 00000002
RBIE                              00000003
RBIF                              00000000
RC8_9                             00000006
RC9                               00000006
RCD8                              00000000
RCIE                              00000005
RCIF                              00000005
RCREG                             0000001A
RCSTA                             00000018
RD                                00000000
READ_WRITE                        00000002
REG                               00000029
RETRASO                           00000030
RP0                               00000005
RP1                               00000006
RX9                               00000006
RX9D                              00000000
R_W                               00000002
S                                 00000003
SCS0                              00000000
SCS1                              00000001
SMP                               00000007
SPBRG                             00000099
SPEN                              00000007
SREN                              00000005
SSPADD                            00000093
SSPBUF                            00000013
SSPCON                            00000014
SSPEN                             00000005
SSPIE                             00000003
SSPIF                             00000003
SSPM0                             00000000
MPASM 03.60 Released                             PWM16F88.ASM   11-7-2006  18:17:41         PAGE  9

Delay subprogram
SYMBOL TABLE
  LABEL                             VALUE 

SSPM1                             00000001
SSPM2                             00000002
SSPM3                             00000003
SSPOV                             00000006
SSPSTAT                           00000094
STATUS                            00000003
SWDTE                             00000000
SWDTEN                            00000000
SYNC                              00000004
T0CS                              00000005
T0IE                              00000005
T0IF                              00000002
T0SE                              00000004
T1CKPS0                           00000004
T1CKPS1                           00000005
T1CON                             00000010
T1INSYNC                          00000002
T1OSCEN                           00000003
T1RUN                             00000006
T2CKPS0                           00000000
T2CKPS1                           00000001
T2CON                             00000012
TMR0                              00000001
TMR0IE                            00000005
TMR0IF                            00000002
TMR1CS                            00000001
TMR1H                             0000000F
TMR1IE                            00000000
TMR1IF                            00000000
TMR1L                             0000000E
TMR1ON                            00000000
TMR2                              00000011
TMR2IE                            00000001
TMR2IF                            00000001
TMR2ON                            00000002
TOUTPS0                           00000003
TOUTPS1                           00000004
TOUTPS2                           00000005
TOUTPS3                           00000006
TRISA                             00000085
TRISB                             00000086
TRMT                              00000001
TUN0                              00000000
TUN1                              00000001
TUN2                              00000002
TUN3                              00000003
TUN4                              00000004
TUN5                              00000005
TX8_9                             00000006
TX9                               00000006
TX9D                              00000000
TXD8                              00000000
TXEN                              00000005
MPASM 03.60 Released                             PWM16F88.ASM   11-7-2006  18:17:41         PAGE 10

Delay subprogram
SYMBOL TABLE
  LABEL                             VALUE 

TXIE                              00000004
TXIF                              00000004
TXREG                             00000019
TXSTA                             00000098
UA                                00000001
VCFG0                             00000004
VCFG1                             00000005
W                                 00000000
WCOL                              00000007
WDTCON                            00000105
WDTPS0                            00000001
WDTPS1                            00000002
WDTPS2                            00000003
WDTPS3                            00000004
WR                                00000001
WREN                              00000002
WRERR                             00000003
Z                                 00000002
_BODEN_OFF                        00003FBF
_BODEN_ON                         00003FFF
_CCP1_RB0                         00003FFF
_CCP1_RB3                         00002FFF
_CONFIG1                          00002007
_CONFIG2                          00002008
_CPD_OFF                          00003FFF
_CPD_ON                           00003EFF
_CP_ALL                           00001FFF
_CP_OFF                           00003FFF
_DEBUG_OFF                        00003FFF
_DEBUG_ON                         000037FF
_EXTCLK                           00003FEF
_EXTRC_CLKOUT                     00003FFF
_EXTRC_IO                         00003FFE
_FCMEN_OFF                        00003FFE
_FCMEN_ON                         00003FFF
_HS_OSC                           00003FEE
_IESO_OFF                         00003FFD
_IESO_ON                          00003FFF
_INTRC_CLKOUT                     00003FFD
_INTRC_IO                         00003FFC
_LP_OSC                           00003FEC
_LVP_OFF                          00003F7F
_LVP_ON                           00003FFF
_MCLR_OFF                         00003FDF
_MCLR_ON                          00003FFF
_PWRTE_OFF                        00003FFF
_PWRTE_ON                         00003FF7
_WDT_OFF                          00003FFB
_WDT_ON                           00003FFF
_WRT_ENABLE_1024                  00003BFF
_WRT_ENABLE_512                   00003DFF
_WRT_ENABLE_OFF                   00003FFF
_XT_OSC                           00003FED
MPASM 03.60 Released                             PWM16F88.ASM   11-7-2006  18:17:41         PAGE 11

Delay subprogram
SYMBOL TABLE
  LABEL                             VALUE 

__16F84A                          00000001
z1                                00000020
z2                                00000021
z3                                00000022
z4                                00000023


MEMORY USAGE MAP ('X' = Used,  '-' = Unused)

0000 : XXXXXXXXXXXXXXXX XXXXXXXXXXXXXXXX XXXXXXXXXXXXXXXX XXXXXXXXXXX-----
2000 : -------X-------- ---------------- ---------------- ----------------

All other memory blocks unused.

Program Memory Words Used:    59
Program Memory Words Free:   965


Errors   :     0
Warnings :     2 reported,     0 suppressed
Messages :     1 reported,     9 suppressed

