MPASM 03.60 Released                          TMR0EJEMPLO.ASM   12-4-2006  18:43:10         PAGE  1


LOC  OBJECT CODE     LINE SOURCE TEXT
  VALUE

                      00001 ;***************************************************************
                      00002         ; PROGRAMA PARA HACER FUNCIONAR EL MODULADOR DE ANCHO DE PULSOS PWM
                      00003         ; mediante el A/D ponemos un potenciometro en un canal y en funcion de este, cambia el ciclo de 
                            trabajo del PWM
                      00004         ; y enciende y apaga un led.
                      00005         ;title  "PIC Sample code: PIC16F88 program"
                      00006         ;subtitle       "CARLOS SANTIAGO CRUZ - TESIS - prueba del convertidor analógico digital"
                      00007 
                      00008 ;       codigo para el 16f88 a 4 MHz
                      00009 ;***************************************************************
                      00010         list    p=16F88
                      00011         #include        <p16F88.inc>
                      00001         LIST
                      00002 ; P16F88.INC  Standard Header File, Version 1.00    Microchip Technology, Inc.
                      00401         LIST
                      00012         
                      00013 
                      00014 ;***************************************************************
  00000020            00015 z1      equ     20h             ;REGISTROS COMODINES
  00000021            00016 z2      equ     21h
  00000022            00017 z3      equ     22h
  00000023            00018 z4      equ     23h
                      00019 ;***************************************************************
                      00020 ; registros 
                      00021 ;       ADRESH  1Eh             banco 0
                      00022 ;       ADRESL  9Eh             banco 1
                      00023 ;       ANSEL   9Bh             banco 1
                      00024 ;       ADCON0  1Fh             banco 0
                      00025 ;       ADCON1  9Fh             banco 1
                      00026 ;****************************************************************
0000                  00027                 ORG                     0x0000
0000   2805           00028                 GOTO            INIT
0001   0000           00029                 NOP
0002   0000           00030                 NOP
0003   0000           00031                 NOP
0004   0000           00032                 NOP
0005                  00033                 ORG                     0x0005
                      00034 
                      00035 ;############### #### INICIALIZANDO EL MICROCONTROLADOR ###########################
                      00036 
0005   0185           00037 INIT            CLRF            PORTA                   ; limpia puerto A
0006   0186           00038                 CLRF            PORTB                   ; limpia puerto B
0007   1683           00039                 BSF                     STATUS,RP0              ; selecciona Banco 1; Se encuentran regi
                            stros TRISA y TRISB
                      00040                                                                         ; al reset STATUS=00000000
                      00041                                                                         ; REGISTRO STATUS =     IRP     
                                    RP1             RP0             T0_             PD_             Z               DC      
                      00042                                                                         ;  RP1 RP0
                      00043                                                                         ;  0    0               banco 0
                      00044                                                                         ;  0    1               banco 1 
                                    RP0=1
                      00045                                                                         ;  1    0               banco 2
                      00046                                                                         ;  1    1               banco 3
MPASM 03.60 Released                          TMR0EJEMPLO.ASM   12-4-2006  18:43:10         PAGE  2


LOC  OBJECT CODE     LINE SOURCE TEXT
  VALUE

                      00047 
                      00048 
Message[302]: Register in operand not in bank 0.  Ensure that bank bits are correct.
0008   170F           00049                 BSF                     OSCCON,6                ;Pone el oscilador a 4 MHz con el oscila
                            dor interno RC; OSCCON controla varios aspectos de operacion del sistema de reloj; Banco 1
Message[302]: Register in operand not in bank 0.  Ensure that bank bits are correct.
0009   168F           00050                 BSF                     OSCCON,5                ;bit 6-4                110             
                            4 MHZ
                      00051                                                                         ;al reset inicia con 0's el regi
                            stro.
                      00052 
000A   3007           00053                 MOVLW           H'07'                   ;carga el registro W con 07             0000 011
                            1
Message[302]: Register in operand not in bank 0.  Ensure that bank bits are correct.
000B   009C           00054                 MOVWF           CMCON                   ;CMCON ->       C2OUT   C1OUT   C2INV   C1INV   
                            CIS      CM2  CM1  CM0
                      00055                                                                         ; ver los modos de operacion de 
                            los comparadores
                      00056                                                                         ; comparadores apagados
                      00057                                                                         ;CLRF           TRISA           
                                    ;Puerto A como salida           0 - salida; 1 - entrada
000C   30FF           00058                 MOVLW           H'FF'
Message[302]: Register in operand not in bank 0.  Ensure that bank bits are correct.
000D   0085           00059                 MOVWF           TRISA           
Message[302]: Register in operand not in bank 0.  Ensure that bank bits are correct.
000E   0186           00060                 CLRF            TRISB                   ;Puerto B como salida           0 - salida; 1 - 
                            entrada
000F   1486           00061                 BSF                     PORTB,1                 ; inicializo con el puertoP1 encendido
0010   1283           00062                 BCF                     STATUS,RP0              ;Selecciona Banco 0
                      00063 
                      00064 ;###################### HACIENDO FUNCIONAR EL REGISTRO TMR0 #####################
                      00065 
Message[302]: Register in operand not in bank 0.  Ensure that bank bits are correct.
0011   1281           00066                 BCF                     OPTION_REG,5            ;poniendo a '0' bit 5, TOCS
0012   300F           00067                 MOVLW           H'0F'
0013   0081           00068                 MOVWF           TMR0
0014   2814           00069 AQUI    GOTO            AQUI
                      00070                 
                      00071                 END
MPASM 03.60 Released                          TMR0EJEMPLO.ASM   12-4-2006  18:43:10         PAGE  3


SYMBOL TABLE
  LABEL                             VALUE 

ADCON0                            0000001F
ADCON1                            0000009F
ADCS0                             00000006
ADCS1                             00000007
ADCS2                             00000006
ADDEN                             00000003
ADFM                              00000007
ADIE                              00000006
ADIF                              00000006
ADON                              00000000
ADRESH                            0000001E
ADRESL                            0000009E
ANSEL                             0000009B
AQUI                              00000014
BF                                00000000
BRGH                              00000002
C                                 00000000
C1INV                             00000004
C1OUT                             00000006
C2INV                             00000005
C2OUT                             00000007
CCP1CON                           00000017
CCP1IE                            00000002
CCP1IF                            00000002
CCP1M0                            00000000
CCP1M1                            00000001
CCP1M2                            00000002
CCP1M3                            00000003
CCP1X                             00000005
CCP1Y                             00000004
CCPR1H                            00000016
CCPR1L                            00000015
CHS0                              00000003
CHS1                              00000004
CHS2                              00000005
CIS                               00000003
CKE                               00000006
CKP                               00000004
CM0                               00000000
CM1                               00000001
CM2                               00000002
CMCON                             0000009C
CMIE                              00000006
CMIF                              00000006
CREN                              00000004
CSRC                              00000007
CVR0                              00000000
CVR1                              00000001
CVR2                              00000002
CVR3                              00000003
CVRCON                            0000009D
CVREN                             00000007
CVROE                             00000006
MPASM 03.60 Released                          TMR0EJEMPLO.ASM   12-4-2006  18:43:10         PAGE  4


SYMBOL TABLE
  LABEL                             VALUE 

CVRR                              00000005
D                                 00000005
DATA_ADDRESS                      00000005
DC                                00000001
D_A                               00000005
EEADR                             0000010D
EEADRH                            0000010F
EECON1                            0000018C
EECON2                            0000018D
EEDATA                            0000010C
EEDATH                            0000010E
EEIE                              00000004
EEIF                              00000004
EEPGD                             00000007
F                                 00000001
FERR                              00000002
FREE                              00000004
FSR                               00000004
GIE                               00000007
GO                                00000002
GO_DONE                           00000002
I2C_DATA                          00000005
I2C_READ                          00000002
I2C_START                         00000003
I2C_STOP                          00000004
INDF                              00000000
INIT                              00000005
INTCON                            0000000B
INTE                              00000004
INTEDG                            00000006
INTF                              00000001
IOFS                              00000002
IRCF0                             00000004
IRCF1                             00000005
IRCF2                             00000006
IRP                               00000007
NOT_A                             00000005
NOT_ADDRESS                       00000005
NOT_BO                            00000000
NOT_BOR                           00000000
NOT_DONE                          00000002
NOT_PD                            00000003
NOT_POR                           00000001
NOT_RBPU                          00000007
NOT_RC8                           00000006
NOT_T1SYNC                        00000002
NOT_TO                            00000004
NOT_TX8                           00000006
NOT_W                             00000002
NOT_WRITE                         00000002
OERR                              00000001
OPTION_REG                        00000081
OSCCON                            0000008F
MPASM 03.60 Released                          TMR0EJEMPLO.ASM   12-4-2006  18:43:10         PAGE  5


SYMBOL TABLE
  LABEL                             VALUE 

OSCTUNE                           00000090
OSFIE                             00000007
OSFIF                             00000007
OSTS                              00000003
P                                 00000004
PCL                               00000002
PCLATH                            0000000A
PCON                              0000008E
PEIE                              00000006
PIE1                              0000008C
PIE2                              0000008D
PIR1                              0000000C
PIR2                              0000000D
PORTA                             00000005
PORTB                             00000006
PR2                               00000092
PS0                               00000000
PS1                               00000001
PS2                               00000002
PSA                               00000003
R                                 00000002
RBIE                              00000003
RBIF                              00000000
RC8_9                             00000006
RC9                               00000006
RCD8                              00000000
RCIE                              00000005
RCIF                              00000005
RCREG                             0000001A
RCSTA                             00000018
RD                                00000000
READ_WRITE                        00000002
RP0                               00000005
RP1                               00000006
RX9                               00000006
RX9D                              00000000
R_W                               00000002
S                                 00000003
SCS0                              00000000
SCS1                              00000001
SMP                               00000007
SPBRG                             00000099
SPEN                              00000007
SREN                              00000005
SSPADD                            00000093
SSPBUF                            00000013
SSPCON                            00000014
SSPEN                             00000005
SSPIE                             00000003
SSPIF                             00000003
SSPM0                             00000000
SSPM1                             00000001
SSPM2                             00000002
MPASM 03.60 Released                          TMR0EJEMPLO.ASM   12-4-2006  18:43:10         PAGE  6


SYMBOL TABLE
  LABEL                             VALUE 

SSPM3                             00000003
SSPOV                             00000006
SSPSTAT                           00000094
STATUS                            00000003
SWDTE                             00000000
SWDTEN                            00000000
SYNC                              00000004
T0CS                              00000005
T0IE                              00000005
T0IF                              00000002
T0SE                              00000004
T1CKPS0                           00000004
T1CKPS1                           00000005
T1CON                             00000010
T1INSYNC                          00000002
T1OSCEN                           00000003
T1RUN                             00000006
T2CKPS0                           00000000
T2CKPS1                           00000001
T2CON                             00000012
TMR0                              00000001
TMR0IE                            00000005
TMR0IF                            00000002
TMR1CS                            00000001
TMR1H                             0000000F
TMR1IE                            00000000
TMR1IF                            00000000
TMR1L                             0000000E
TMR1ON                            00000000
TMR2                              00000011
TMR2IE                            00000001
TMR2IF                            00000001
TMR2ON                            00000002
TOUTPS0                           00000003
TOUTPS1                           00000004
TOUTPS2                           00000005
TOUTPS3                           00000006
TRISA                             00000085
TRISB                             00000086
TRMT                              00000001
TUN0                              00000000
TUN1                              00000001
TUN2                              00000002
TUN3                              00000003
TUN4                              00000004
TUN5                              00000005
TX8_9                             00000006
TX9                               00000006
TX9D                              00000000
TXD8                              00000000
TXEN                              00000005
TXIE                              00000004
TXIF                              00000004
MPASM 03.60 Released                          TMR0EJEMPLO.ASM   12-4-2006  18:43:10         PAGE  7


SYMBOL TABLE
  LABEL                             VALUE 

TXREG                             00000019
TXSTA                             00000098
UA                                00000001
VCFG0                             00000004
VCFG1                             00000005
W                                 00000000
WCOL                              00000007
WDTCON                            00000105
WDTPS0                            00000001
WDTPS1                            00000002
WDTPS2                            00000003
WDTPS3                            00000004
WR                                00000001
WREN                              00000002
WRERR                             00000003
Z                                 00000002
_BODEN_OFF                        00003FBF
_BODEN_ON                         00003FFF
_CCP1_RB0                         00003FFF
_CCP1_RB3                         00002FFF
_CONFIG1                          00002007
_CONFIG2                          00002008
_CPD_OFF                          00003FFF
_CPD_ON                           00003EFF
_CP_ALL                           00001FFF
_CP_OFF                           00003FFF
_DEBUG_OFF                        00003FFF
_DEBUG_ON                         000037FF
_EXTCLK                           00003FEF
_EXTRC_CLKOUT                     00003FFF
_EXTRC_IO                         00003FFE
_FCMEN_OFF                        00003FFE
_FCMEN_ON                         00003FFF
_HS_OSC                           00003FEE
_IESO_OFF                         00003FFD
_IESO_ON                          00003FFF
_INTRC_CLKOUT                     00003FFD
_INTRC_IO                         00003FFC
_LP_OSC                           00003FEC
_LVP_OFF                          00003F7F
_LVP_ON                           00003FFF
_MCLR_OFF                         00003FDF
_MCLR_ON                          00003FFF
_PWRTE_OFF                        00003FFF
_PWRTE_ON                         00003FF7
_WDT_OFF                          00003FFB
_WDT_ON                           00003FFF
_WRT_ENABLE_1024                  00003BFF
_WRT_ENABLE_512                   00003DFF
_WRT_ENABLE_OFF                   00003FFF
_XT_OSC                           00003FED
__16F88                           00000001
z1                                00000020
MPASM 03.60 Released                          TMR0EJEMPLO.ASM   12-4-2006  18:43:10         PAGE  8


SYMBOL TABLE
  LABEL                             VALUE 

z2                                00000021
z3                                00000022
z4                                00000023


MEMORY USAGE MAP ('X' = Used,  '-' = Unused)

0000 : XXXXXXXXXXXXXXXX XXXXX----------- ---------------- ----------------

All other memory blocks unused.

Program Memory Words Used:    21
Program Memory Words Free:  4075


Errors   :     0
Warnings :     0 reported,     0 suppressed
Messages :     6 reported,     0 suppressed

