MPASM 03.60 Released                                  LED.ASM   6-9-2006  18:35:27         PAGE  1


LOC  OBJECT CODE     LINE SOURCE TEXT
  VALUE

                      00001 ;------------------------------------------------------
                      00002 ;PROGRAMA PORTB.ASM
                      00003 ;Apagar y encender el puerto B cada segundo
                      00004 ;-------------------------------------------------------
                      00005         list p=16f84A                                   ;identificar el micro usado.
                      00006         RADIX HEX
                      00007         #include <p16F84A.inc>                  ;archivo con los registros definidos.
                      00001         LIST
                      00002 ; P16F84A.INC  Standard Header File, Version 2.00    Microchip Technology, Inc.
                      00134         LIST
                      00008                         
0000                  00009         org             0x00                                    ;posición de memoria de comienzo del  re
                            -
                      00010                                                                         ;set ( 0000h ).
0000   0183           00011         clrf    STATUS
0001                  00012 reset                                                           ;etiqueta = posición de memoria.        
0001   2805           00013         goto    inicio                                  ; salto a posición de memoria donde comien-
                      00014                                                                         ;za el programa.
                      00015  
0005                  00016         org     0x05                                            ;posición de memoria donde comienza el
                      00017                                                                         ;programa ( 0010h ).
0005                  00018 inicio                                                          ;etiqueta = dirección  0010h.
                      00019 
                      00020 ;-------------------------------------------------------
                      00021 ; configurar puerto B como salidas
                      00022 ;-------------------------------------------------------
0005   1683           00023         bsf         STATUS,5                            ;pongo a uno el bit 5 del registro 
                      00024                                                                         ;STATUS para entrar en el banco1
                            .
0006   3000           00025         movlw   0x00                                    ;cargo w con el dato 00h.                       
Message[302]: Register in operand not in bank 0.  Ensure that bank bits are correct.
0007   0086           00026         movwf   TRISB                                   ;cargo el registro TRISB con el w para
                      00027                                                                         ;hacer el puerto B como salida.
0008   1283           00028         bcf     STATUS,5                                ;pongo a cero el bit 5 del registro
                      00029                                                                         ;STATUS para entrar en el banco 
                            0.
                      00030 ;+++++++++++++++++++++++++++++++++++++++++++++++++++++++
                      00031 ;PROGRAMA PRINCIPAL
                      00032 ;+++++++++++++++++++++++++++++++++++++++++++++++++++++++
0009                  00033 programa                                        ;etiqueta de programa principal.        
0009   3055           00034         movlw   b'01010101'                     ;carga w con el dato 00h        
000A   0086           00035         movwf   PORTB                   ;manda w por el puerto B, y se apagan leds
000B   2010           00036         call            unseg                   ;subrutina de retardo de 1 seg. 
000C   30AA           00037         movlw   b'10101010'                     ;cargo w con el dato ffh.
000D   0086           00038         movwf   PORTB                   ;cargo el registro PORTB con w, encienden leds
000E   2010           00039         call            unseg                   ;subrutina del retardo de 1 seg.        
000F   2809           00040         goto    programa                ;salta al comienzo del programa.   
                      00041 ;/////////////////////////////////////////////////////////
                      00042 ;RETARDOS
                      00043 ;------------------------------------------------
                      00044 ;RETARDOS
                      00045 ;------------------------------------------------
                      00046 ;ffh=255  goto=2 useg.    decfsz=1 useg.
MPASM 03.60 Released                                  LED.ASM   6-9-2006  18:35:27         PAGE  2


LOC  OBJECT CODE     LINE SOURCE TEXT
  VALUE

                      00047 ; [1us(decfsz) +2us(goto)]*255 veces= 765 useg
                      00048 ;(765 x 765) + 255= 585480 useg.
                      00049 ;(585480 x 2) + 1= 1170961 useg.
                      00050 ;primero entra a un loop de 255 veces, despues entra a otro de 255, sale y 
                      00051 ; entra a un loop de una sola vez,
                      00052 ;completando el segundo.
                      00053 ;////////////////////////////////////////////////////////
                      00054 ; a continuación se preparan las direcciones donde se hará el conteo.
                      00055 
0010                  00056 unseg                                                   ;etiqueta = subrutina del retardo de 1 seg.     
0010   30FF           00057         movlw     0xff                          ;cargo w con el dato ffh.
0011   008C           00058         movwf    0x0c                           ;cargo la direccion con 0ch con el w.
0012   008D           00059       movwf    0x0d                             ;cargo la direccion con 0dh con el w.
0013   3001           00060         movlw     0x01                          ; cargo w con el dato 01h. 
0014   008E           00061         movwf    0x0e                           ; cargo el registro 0eh con w.
                      00062  
0015                  00063 salto1                                                  ; etiqueta del bucle de repetición.             
                                                                            
0015   0B8C           00064                 decfsz   0x0c,1                 ; decremento el registro 0ch y salto si es
                      00065                                                                 ; cero depositando el resultado en 0ch. 
                                           
0016   2815           00066                 goto     salto1                 ; alto a la etiqueta salto1.
0017   0B8D           00067                 decfsz   0x0d,1                 ; decremento el registro 0dh y salto si es
                      00068                                                                 ; cero depositando el resultado en 0dh. 
                                   
0018   2815           00069                 goto     salto1                 ; salto a salto1.
0019   0B8E           00070                 decfsz   0x0e,1                 ; decremento el registro 0eh y salto si es
                      00071                                                                 ; cero depositando el resultado en 0eh.
001A   2815           00072                 goto     salto1                 ; salto a salto1.
001B   0008           00073                 return                                  ; regreso de subrutina.                         
                      00074  
                      00075                 
                      00076                 end                             ;fin del programa PORTB.        
MPASM 03.60 Released                                  LED.ASM   6-9-2006  18:35:27         PAGE  3


SYMBOL TABLE
  LABEL                             VALUE 

C                                 00000000
DC                                00000001
EEADR                             00000009
EECON1                            00000088
EECON2                            00000089
EEDATA                            00000008
EEIE                              00000006
EEIF                              00000004
F                                 00000001
FSR                               00000004
GIE                               00000007
INDF                              00000000
INTCON                            0000000B
INTE                              00000004
INTEDG                            00000006
INTF                              00000001
IRP                               00000007
NOT_PD                            00000003
NOT_RBPU                          00000007
NOT_TO                            00000004
OPTION_REG                        00000081
PCL                               00000002
PCLATH                            0000000A
PORTA                             00000005
PORTB                             00000006
PS0                               00000000
PS1                               00000001
PS2                               00000002
PSA                               00000003
RBIE                              00000003
RBIF                              00000000
RD                                00000000
RP0                               00000005
RP1                               00000006
STATUS                            00000003
T0CS                              00000005
T0IE                              00000005
T0IF                              00000002
T0SE                              00000004
TMR0                              00000001
TRISA                             00000085
TRISB                             00000086
W                                 00000000
WR                                00000001
WREN                              00000002
WRERR                             00000003
Z                                 00000002
_CP_OFF                           00003FFF
_CP_ON                            0000000F
_HS_OSC                           00003FFE
_LP_OSC                           00003FFC
_PWRTE_OFF                        00003FFF
_PWRTE_ON                         00003FF7
MPASM 03.60 Released                                  LED.ASM   6-9-2006  18:35:27         PAGE  4


SYMBOL TABLE
  LABEL                             VALUE 

_RC_OSC                           00003FFF
_WDT_OFF                          00003FFB
_WDT_ON                           00003FFF
_XT_OSC                           00003FFD
__16F84A                          00000001
inicio                            00000005
programa                          00000009
reset                             00000001
salto1                            00000015
unseg                             00000010


MEMORY USAGE MAP ('X' = Used,  '-' = Unused)

0000 : XX---XXXXXXXXXXX XXXXXXXXXXXX---- ---------------- ----------------

All other memory blocks unused.

Program Memory Words Used:    25
Program Memory Words Free:   999


Errors   :     0
Warnings :     0 reported,     0 suppressed
Messages :     1 reported,     0 suppressed

